2020-08-10 21:47:47,762 INFO [com.webserver.core.ClientHandler] - 资源已找到!
2020-08-10 21:47:47,775 INFO [com.webserver.core.ClientHandler] - 响应客户端完毕!
2020-08-10 21:47:47,814 INFO [com.webserver.core.ClientHandler] - 资源已找到!
2020-08-10 21:47:47,824 INFO [com.webserver.core.ClientHandler] - 资源已找到!
2020-08-10 21:47:47,836 INFO [com.webserver.core.ClientHandler] - 资源已找到!
2020-08-10 21:47:47,855 INFO [com.webserver.core.ClientHandler] - 响应客户端完毕!
2020-08-10 21:47:47,856 INFO [com.webserver.core.ClientHandler] - 响应客户端完毕!
2020-08-10 21:47:48,067 INFO [com.webserver.core.ClientHandler] - 资源不存在!
2020-08-10 21:47:48,073 INFO [com.webserver.core.ClientHandler] - 响应客户端完毕!
2020-08-10 21:47:48,153 INFO [com.webserver.core.ClientHandler] - 响应客户端完毕!
2020-08-10 21:47:48,241 INFO [com.webserver.core.ClientHandler] - 资源不存在!
2020-08-10 21:47:48,243 INFO [com.webserver.core.ClientHandler] - 响应客户端完毕!
2020-08-10 21:47:48,257 INFO [com.webserver.core.ClientHandler] - 资源不存在!
2020-08-10 21:47:48,258 INFO [com.webserver.core.ClientHandler] - 响应客户端完毕!
2020-08-10 21:47:48,498 INFO [com.webserver.core.ClientHandler] - 资源不存在!
2020-08-10 21:47:48,500 INFO [com.webserver.core.ClientHandler] - 响应客户端完毕!
2020-08-10 21:47:51,414 INFO [com.webserver.core.ClientHandler] - 资源已找到!
2020-08-10 21:47:51,439 INFO [com.webserver.core.ClientHandler] - 响应客户端完毕!
2020-08-10 21:48:02,482 ERROR [com.webserver.core.ClientHandler] - 空请求...
2020-08-10 21:48:02,507 INFO [com.webserver.servlet.RegServlet] - 开始处理注册...
2020-08-10 21:48:02,509 INFO [com.webserver.core.ClientHandler] - 响应客户端完毕!
2020-08-10 21:50:15,580 INFO [com.webserver.core.ClientHandler] - 资源已找到!
2020-08-10 21:50:15,581 INFO [com.webserver.core.ClientHandler] - 响应客户端完毕!
2020-08-10 21:50:15,657 INFO [com.webserver.core.ClientHandler] - 资源已找到!
2020-08-10 21:50:15,657 INFO [com.webserver.core.ClientHandler] - 响应客户端完毕!
2020-08-10 21:50:15,657 INFO [com.webserver.core.ClientHandler] - 资源已找到!
2020-08-10 21:50:15,683 INFO [com.webserver.core.ClientHandler] - 资源已找到!
2020-08-10 21:50:15,708 INFO [com.webserver.core.ClientHandler] - 响应客户端完毕!
2020-08-10 21:50:15,757 INFO [com.webserver.core.ClientHandler] - 响应客户端完毕!
2020-08-10 21:50:15,890 INFO [com.webserver.core.ClientHandler] - 资源不存在!
2020-08-10 21:50:15,895 INFO [com.webserver.core.ClientHandler] - 响应客户端完毕!
2020-08-10 21:50:16,047 INFO [com.webserver.core.ClientHandler] - 资源不存在!
2020-08-10 21:50:16,051 INFO [com.webserver.core.ClientHandler] - 响应客户端完毕!
2020-08-10 21:50:16,090 INFO [com.webserver.core.ClientHandler] - 资源不存在!
2020-08-10 21:50:16,092 INFO [com.webserver.core.ClientHandler] - 响应客户端完毕!
2020-08-10 21:50:18,130 INFO [com.webserver.core.ClientHandler] - 资源已找到!
2020-08-10 21:50:18,131 INFO [com.webserver.core.ClientHandler] - 响应客户端完毕!
2020-08-10 21:50:26,587 INFO [com.webserver.servlet.RegServlet] - 开始处理注册...
2020-08-10 21:50:26,590 INFO [com.webserver.servlet.RegServlet] - 处理注册完毕!
2020-08-10 21:50:26,592 INFO [com.webserver.core.ClientHandler] - 响应客户端完毕!
2020-08-10 21:50:27,917 INFO [com.webserver.core.ClientHandler] - 资源已找到!
2020-08-10 21:50:27,934 INFO [com.webserver.core.ClientHandler] - 响应客户端完毕!
2020-08-10 21:50:31,711 INFO [com.webserver.servlet.LoginServlet] - 开始处理登录...
2020-08-10 21:50:31,711 INFO [com.webserver.servlet.LoginServlet] - 处理登录完毕!
2020-08-10 21:50:31,712 INFO [com.webserver.core.ClientHandler] - 响应客户端完毕!
2020-08-10 21:50:35,680 INFO [com.webserver.core.ClientHandler] - 资源不存在!
2020-08-10 21:50:35,681 INFO [com.webserver.core.ClientHandler] - 响应客户端完毕!
2020-08-10 21:51:15,664 ERROR [com.webserver.core.ClientHandler] - 空请求...
2020-08-10 21:55:03,699 INFO [com.webserver.core.ClientHandler] - 资源已找到!
2020-08-10 21:55:03,701 INFO [com.webserver.core.ClientHandler] - 响应客户端完毕!
2020-08-10 21:55:03,771 INFO [com.webserver.core.ClientHandler] - 资源已找到!
2020-08-10 21:55:03,774 INFO [com.webserver.core.ClientHandler] - 响应客户端完毕!
2020-08-10 21:55:03,830 INFO [com.webserver.core.ClientHandler] - 资源已找到!
2020-08-10 21:55:03,882 INFO [com.webserver.core.ClientHandler] - 资源已找到!
2020-08-10 21:55:03,883 INFO [com.webserver.core.ClientHandler] - 响应客户端完毕!
2020-08-10 21:55:03,997 INFO [com.webserver.core.ClientHandler] - 响应客户端完毕!
2020-08-10 21:55:04,156 INFO [com.webserver.core.ClientHandler] - 资源不存在!
2020-08-10 21:55:04,160 INFO [com.webserver.core.ClientHandler] - 响应客户端完毕!
2020-08-10 21:55:04,295 INFO [com.webserver.core.ClientHandler] - 资源不存在!
2020-08-10 21:55:04,297 INFO [com.webserver.core.ClientHandler] - 响应客户端完毕!
2020-08-10 21:55:04,351 INFO [com.webserver.core.ClientHandler] - 资源不存在!
2020-08-10 21:55:04,366 INFO [com.webserver.core.ClientHandler] - 响应客户端完毕!
2020-08-10 21:55:05,212 INFO [com.webserver.servlet.UserListServlet] - 开始加载用户列表...
2020-08-10 21:55:06,730 INFO [com.webserver.servlet.UserListServlet] - 加载用户列表完毕!
2020-08-10 21:55:06,732 INFO [com.webserver.core.ClientHandler] - 响应客户端完毕!
2020-08-10 21:55:59,400 INFO [com.webserver.core.ClientHandler] - 资源已找到!
2020-08-10 21:55:59,401 INFO [com.webserver.core.ClientHandler] - 响应客户端完毕!
2020-08-10 21:55:59,446 INFO [com.webserver.core.ClientHandler] - 资源已找到!
2020-08-10 21:55:59,448 INFO [com.webserver.core.ClientHandler] - 响应客户端完毕!
2020-08-10 21:55:59,451 INFO [com.webserver.core.ClientHandler] - 资源已找到!
2020-08-10 21:55:59,454 INFO [com.webserver.core.ClientHandler] - 响应客户端完毕!
2020-08-10 21:55:59,454 INFO [com.webserver.core.ClientHandler] - 资源已找到!
2020-08-10 21:55:59,514 INFO [com.webserver.core.ClientHandler] - 响应客户端完毕!
2020-08-10 21:55:59,635 INFO [com.webserver.core.ClientHandler] - 资源不存在!
2020-08-10 21:55:59,638 INFO [com.webserver.core.ClientHandler] - 响应客户端完毕!
2020-08-10 21:55:59,788 INFO [com.webserver.core.ClientHandler] - 资源不存在!
2020-08-10 21:55:59,799 INFO [com.webserver.core.ClientHandler] - 响应客户端完毕!
2020-08-10 21:55:59,814 INFO [com.webserver.core.ClientHandler] - 资源不存在!
2020-08-10 21:55:59,815 INFO [com.webserver.core.ClientHandler] - 响应客户端完毕!
2020-08-10 21:56:01,199 INFO [com.webserver.core.ClientHandler] - 资源已找到!
2020-08-10 21:56:01,200 INFO [com.webserver.core.ClientHandler] - 响应客户端完毕!
2020-08-10 21:56:03,018 INFO [com.webserver.servlet.CreateQRServlet] - 开始加载二维码...
2020-08-10 21:56:04,149 INFO [com.webserver.servlet.CreateQRServlet] - 加载二维码完毕!
2020-08-10 21:56:04,150 INFO [com.webserver.core.ClientHandler] - 响应客户端完毕!
2020-08-10 21:56:13,244 ERROR [com.webserver.core.ClientHandler] - 空请求...
2020-08-10 21:58:00,726 INFO [com.webserver.core.ClientHandler] - 资源已找到!
2020-08-10 21:58:00,728 INFO [com.webserver.core.ClientHandler] - 响应客户端完毕!
2020-08-10 21:58:00,786 INFO [com.webserver.core.ClientHandler] - 资源已找到!
2020-08-10 21:58:00,787 INFO [com.webserver.core.ClientHandler] - 响应客户端完毕!
2020-08-10 21:58:00,815 INFO [com.webserver.core.ClientHandler] - 资源已找到!
2020-08-10 21:58:00,820 INFO [com.webserver.core.ClientHandler] - 响应客户端完毕!
2020-08-10 21:58:00,829 INFO [com.webserver.core.ClientHandler] - 资源已找到!
2020-08-10 21:58:00,915 INFO [com.webserver.core.ClientHandler] - 响应客户端完毕!
2020-08-10 21:58:01,098 INFO [com.webserver.core.ClientHandler] - 资源不存在!
2020-08-10 21:58:01,101 INFO [com.webserver.core.ClientHandler] - 响应客户端完毕!
2020-08-10 21:58:01,347 INFO [com.webserver.core.ClientHandler] - 资源不存在!
2020-08-10 21:58:01,350 INFO [com.webserver.core.ClientHandler] - 响应客户端完毕!
2020-08-10 21:58:01,366 INFO [com.webserver.core.ClientHandler] - 资源不存在!
2020-08-10 21:58:01,367 INFO [com.webserver.core.ClientHandler] - 响应客户端完毕!
2020-08-10 21:58:03,368 INFO [com.webserver.core.ClientHandler] - 资源已找到!
2020-08-10 21:58:03,368 INFO [com.webserver.core.ClientHandler] - 响应客户端完毕!
2020-08-10 21:58:04,843 INFO [com.webserver.servlet.CreateQRServlet] - 开始加载二维码...
2020-08-10 21:58:05,447 INFO [com.webserver.servlet.CreateQRServlet] - 加载二维码完毕!
2020-08-10 21:58:05,448 INFO [com.webserver.core.ClientHandler] - 响应客户端完毕!
2020-08-10 21:58:09,042 INFO [com.webserver.core.ClientHandler] - 资源已找到!
2020-08-10 21:58:09,043 INFO [com.webserver.core.ClientHandler] - 响应客户端完毕!
2020-08-10 21:58:16,100 INFO [com.webserver.servlet.RegServlet] - 开始处理注册...
2020-08-10 21:58:16,103 INFO [com.webserver.servlet.RegServlet] - 处理注册完毕!
2020-08-10 21:58:16,104 INFO [com.webserver.core.ClientHandler] - 响应客户端完毕!
2020-08-10 21:58:17,022 INFO [com.webserver.core.ClientHandler] - 资源已找到!
2020-08-10 21:58:17,023 INFO [com.webserver.core.ClientHandler] - 响应客户端完毕!
2020-08-10 21:58:20,727 INFO [com.webserver.servlet.LoginServlet] - 开始处理登录...
2020-08-10 21:58:20,944 INFO [com.webserver.core.ClientHandler] - 资源已找到!
2020-08-10 21:58:20,953 INFO [com.webserver.core.ClientHandler] - 资源已找到!
2020-08-10 21:58:20,953 INFO [com.webserver.core.ClientHandler] - 响应客户端完毕!
2020-08-10 21:58:20,972 INFO [com.webserver.core.ClientHandler] - 响应客户端完毕!
2020-08-10 21:58:20,978 INFO [com.webserver.core.ClientHandler] - 资源已找到!
2020-08-10 21:58:20,980 INFO [com.webserver.core.ClientHandler] - 资源已找到!
2020-08-10 21:58:21,007 INFO [com.webserver.core.ClientHandler] - 资源已找到!
2020-08-10 21:58:21,008 INFO [com.webserver.core.ClientHandler] - 资源已找到!
2020-08-10 21:58:21,008 INFO [com.webserver.core.ClientHandler] - 响应客户端完毕!
2020-08-10 21:58:21,012 INFO [com.webserver.core.ClientHandler] - 资源已找到!
2020-08-10 21:58:21,012 INFO [com.webserver.core.ClientHandler] - 响应客户端完毕!
2020-08-10 21:58:21,013 INFO [com.webserver.core.ClientHandler] - 响应客户端完毕!
2020-08-10 21:58:21,026 INFO [com.webserver.core.ClientHandler] - 响应客户端完毕!
2020-08-10 21:58:21,036 INFO [com.webserver.core.ClientHandler] - 响应客户端完毕!
2020-08-10 21:58:21,050 INFO [com.webserver.core.ClientHandler] - 响应客户端完毕!
2020-08-10 21:58:21,053 INFO [com.webserver.core.ClientHandler] - 资源已找到!
2020-08-10 21:58:21,053 INFO [com.webserver.core.ClientHandler] - 资源已找到!
2020-08-10 21:58:21,131 INFO [com.webserver.core.ClientHandler] - 资源已找到!
2020-08-10 21:58:21,134 INFO [com.webserver.core.ClientHandler] - 资源已找到!
2020-08-10 21:58:21,137 INFO [com.webserver.core.ClientHandler] - 响应客户端完毕!
2020-08-10 21:58:21,150 INFO [com.webserver.core.ClientHandler] - 响应客户端完毕!
2020-08-10 21:58:21,156 INFO [com.webserver.core.ClientHandler] - 响应客户端完毕!
2020-08-10 21:58:21,183 INFO [com.webserver.core.ClientHandler] - 响应客户端完毕!
2020-08-10 21:58:21,319 INFO [com.webserver.core.ClientHandler] - 资源已找到!
2020-08-10 21:58:21,330 INFO [com.webserver.core.ClientHandler] - 资源已找到!
2020-08-10 21:58:21,341 INFO [com.webserver.core.ClientHandler] - 响应客户端完毕!
2020-08-10 21:58:21,355 INFO [com.webserver.core.ClientHandler] - 响应客户端完毕!
2020-08-10 21:58:21,380 INFO [com.webserver.core.ClientHandler] - 资源已找到!
2020-08-10 21:58:21,380 INFO [com.webserver.core.ClientHandler] - 资源已找到!
2020-08-10 21:58:21,388 INFO [com.webserver.core.ClientHandler] - 资源已找到!
2020-08-10 21:58:21,394 INFO [com.webserver.core.ClientHandler] - 资源已找到!
2020-08-10 21:58:21,412 INFO [com.webserver.core.ClientHandler] - 资源已找到!
2020-08-10 21:58:21,415 INFO [com.webserver.core.ClientHandler] - 资源已找到!
2020-08-10 21:58:21,429 INFO [com.webserver.core.ClientHandler] - 响应客户端完毕!
2020-08-10 21:58:21,436 INFO [com.webserver.core.ClientHandler] - 资源已找到!
2020-08-10 21:58:21,442 INFO [com.webserver.core.ClientHandler] - 响应客户端完毕!
2020-08-10 21:58:21,447 INFO [com.webserver.core.ClientHandler] - 响应客户端完毕!
2020-08-10 21:58:21,450 INFO [com.webserver.core.ClientHandler] - 响应客户端完毕!
2020-08-10 21:58:21,454 INFO [com.webserver.core.ClientHandler] - 资源已找到!
2020-08-10 21:58:21,456 INFO [com.webserver.core.ClientHandler] - 响应客户端完毕!
2020-08-10 21:58:21,461 INFO [com.webserver.core.ClientHandler] - 响应客户端完毕!
2020-08-10 21:58:21,465 INFO [com.webserver.core.ClientHandler] - 资源已找到!
2020-08-10 21:58:21,466 INFO [com.webserver.core.ClientHandler] - 资源已找到!
2020-08-10 21:58:21,470 INFO [com.webserver.core.ClientHandler] - 资源已找到!
2020-08-10 21:58:21,472 INFO [com.webserver.core.ClientHandler] - 响应客户端完毕!
2020-08-10 21:58:21,495 INFO [com.webserver.core.ClientHandler] - 响应客户端完毕!
2020-08-10 21:58:21,612 INFO [com.webserver.core.ClientHandler] - 响应客户端完毕!
2020-08-10 21:58:21,613 INFO [com.webserver.core.ClientHandler] - 响应客户端完毕!
2020-08-10 21:58:21,614 INFO [com.webserver.core.ClientHandler] - 响应客户端完毕!
2020-08-10 21:58:22,034 INFO [com.webserver.core.ClientHandler] - 资源不存在!
2020-08-10 21:58:22,035 INFO [com.webserver.core.ClientHandler] - 响应客户端完毕!
2020-08-10 21:58:22,054 INFO [com.webserver.core.ClientHandler] - 资源已找到!
2020-08-10 21:58:22,062 INFO [com.webserver.core.ClientHandler] - 响应客户端完毕!
2020-08-10 21:58:22,150 INFO [com.webserver.core.ClientHandler] - 资源不存在!
2020-08-10 21:58:22,151 INFO [com.webserver.core.ClientHandler] - 响应客户端完毕!
2020-08-10 21:58:22,213 INFO [com.webserver.core.ClientHandler] - 资源不存在!
2020-08-10 21:58:22,214 INFO [com.webserver.core.ClientHandler] - 响应客户端完毕!
2020-08-10 21:58:52,507 INFO [com.webserver.core.ClientHandler] - 资源已找到!
2020-08-10 21:58:52,509 INFO [com.webserver.core.ClientHandler] - 响应客户端完毕!
2020-08-10 21:58:52,554 INFO [com.webserver.core.ClientHandler] - 资源已找到!
2020-08-10 21:58:52,555 INFO [com.webserver.core.ClientHandler] - 资源已找到!
2020-08-10 21:58:52,555 INFO [com.webserver.core.ClientHandler] - 响应客户端完毕!
2020-08-10 21:58:52,558 INFO [com.webserver.core.ClientHandler] - 响应客户端完毕!
2020-08-10 21:58:52,560 INFO [com.webserver.core.ClientHandler] - 资源已找到!
2020-08-10 21:58:52,606 INFO [com.webserver.core.ClientHandler] - 响应客户端完毕!
2020-08-10 21:58:52,695 INFO [com.webserver.core.ClientHandler] - 资源不存在!
2020-08-10 21:58:52,698 INFO [com.webserver.core.ClientHandler] - 响应客户端完毕!
2020-08-10 21:58:52,820 INFO [com.webserver.core.ClientHandler] - 资源不存在!
2020-08-10 21:58:52,823 INFO [com.webserver.core.ClientHandler] - 响应客户端完毕!
2020-08-10 21:58:52,834 INFO [com.webserver.core.ClientHandler] - 资源不存在!
2020-08-10 21:58:52,834 INFO [com.webserver.core.ClientHandler] - 响应客户端完毕!
2020-08-10 21:58:54,997 INFO [com.webserver.servlet.UserListServlet] - 开始加载用户列表...
2020-08-10 21:58:55,530 INFO [com.webserver.servlet.UserListServlet] - 加载用户列表完毕!
2020-08-10 21:58:55,530 INFO [com.webserver.core.ClientHandler] - 响应客户端完毕!
2020-08-10 21:58:57,954 INFO [com.webserver.core.ClientHandler] - 资源已找到!
2020-08-10 21:58:57,955 INFO [com.webserver.core.ClientHandler] - 响应客户端完毕!
2020-08-10 21:59:00,875 INFO [com.webserver.servlet.LoginServlet] - 开始处理登录...
2020-08-10 21:59:00,876 INFO [com.webserver.servlet.LoginServlet] - 处理登录完毕!
2020-08-10 21:59:00,877 INFO [com.webserver.core.ClientHandler] - 响应客户端完毕!
2020-08-10 21:59:02,148 INFO [com.webserver.core.ClientHandler] - 资源不存在!
2020-08-10 21:59:02,148 INFO [com.webserver.core.ClientHandler] - 响应客户端完毕!
2020-08-10 22:00:08,821 ERROR [com.webserver.core.ClientHandler] - 空请求...
2020-08-10 22:05:40,515 INFO [com.webserver.core.ClientHandler] - 资源已找到!
2020-08-10 22:05:40,517 INFO [com.webserver.core.ClientHandler] - 响应客户端完毕!
2020-08-10 22:05:40,547 INFO [com.webserver.core.ClientHandler] - 资源已找到!
2020-08-10 22:05:40,549 INFO [com.webserver.core.ClientHandler] - 响应客户端完毕!
2020-08-10 22:05:40,559 INFO [com.webserver.core.ClientHandler] - 资源已找到!
2020-08-10 22:05:40,563 INFO [com.webserver.core.ClientHandler] - 响应客户端完毕!
2020-08-10 22:05:40,576 INFO [com.webserver.core.ClientHandler] - 资源已找到!
2020-08-10 22:05:40,616 INFO [com.webserver.core.ClientHandler] - 资源不存在!
2020-08-10 22:05:40,619 INFO [com.webserver.core.ClientHandler] - 响应客户端完毕!
2020-08-10 22:05:40,698 INFO [com.webserver.core.ClientHandler] - 资源不存在!
2020-08-10 22:05:40,704 INFO [com.webserver.core.ClientHandler] - 响应客户端完毕!
2020-08-10 22:05:40,729 INFO [com.webserver.core.ClientHandler] - 响应客户端完毕!
2020-08-10 22:05:40,748 INFO [com.webserver.core.ClientHandler] - 资源不存在!
2020-08-10 22:05:40,749 INFO [com.webserver.core.ClientHandler] - 响应客户端完毕!
2020-08-10 22:05:42,194 INFO [com.webserver.core.ClientHandler] - 资源已找到!
2020-08-10 22:05:42,196 INFO [com.webserver.core.ClientHandler] - 响应客户端完毕!
2020-08-10 22:05:45,610 INFO [com.webserver.servlet.LoginServlet] - 开始处理登录...
2020-08-10 22:05:45,611 INFO [com.webserver.servlet.LoginServlet] - 处理登录完毕!
2020-08-10 22:05:45,612 INFO [com.webserver.core.ClientHandler] - 响应客户端完毕!
2020-08-10 22:05:46,420 INFO [com.webserver.core.ClientHandler] - 资源已找到!
2020-08-10 22:05:46,421 INFO [com.webserver.core.ClientHandler] - 响应客户端完毕!
2020-08-10 22:05:50,138 INFO [com.webserver.servlet.LoginServlet] - 开始处理登录...
2020-08-10 22:05:50,141 INFO [com.webserver.core.ClientHandler] - 响应客户端完毕!
2020-08-10 22:06:17,196 ERROR [com.webserver.core.ClientHandler] - 空请求...
2020-08-10 22:06:20,604 INFO [com.webserver.servlet.LoginServlet] - 开始处理登录...
2020-08-10 22:06:20,606 INFO [com.webserver.core.ClientHandler] - 响应客户端完毕!
2020-08-10 22:06:33,427 INFO [com.webserver.core.ClientHandler] - 资源已找到!
2020-08-10 22:06:33,427 INFO [com.webserver.core.ClientHandler] - 响应客户端完毕!
2020-08-10 22:06:33,500 INFO [com.webserver.core.ClientHandler] - 资源已找到!
2020-08-10 22:06:33,502 INFO [com.webserver.core.ClientHandler] - 响应客户端完毕!
2020-08-10 22:06:33,556 INFO [com.webserver.core.ClientHandler] - 资源已找到!
2020-08-10 22:06:33,583 INFO [com.webserver.core.ClientHandler] - 响应客户端完毕!
2020-08-10 22:06:33,603 INFO [com.webserver.core.ClientHandler] - 资源已找到!
2020-08-10 22:06:33,642 INFO [com.webserver.core.ClientHandler] - 资源不存在!
2020-08-10 22:06:33,656 INFO [com.webserver.core.ClientHandler] - 响应客户端完毕!
2020-08-10 22:06:33,786 INFO [com.webserver.core.ClientHandler] - 响应客户端完毕!
2020-08-10 22:06:33,799 INFO [com.webserver.core.ClientHandler] - 资源不存在!
2020-08-10 22:06:33,800 INFO [com.webserver.core.ClientHandler] - 响应客户端完毕!
2020-08-10 22:06:33,890 INFO [com.webserver.core.ClientHandler] - 资源不存在!
2020-08-10 22:06:33,891 INFO [com.webserver.core.ClientHandler] - 响应客户端完毕!
2020-08-10 22:06:34,919 INFO [com.webserver.core.ClientHandler] - 资源已找到!
2020-08-10 22:06:34,920 INFO [com.webserver.core.ClientHandler] - 响应客户端完毕!
2020-08-10 22:06:39,144 INFO [com.webserver.servlet.LoginServlet] - 开始处理登录...
2020-08-10 22:06:39,149 INFO [com.webserver.core.ClientHandler] - 响应客户端完毕!
2020-08-10 22:06:39,175 INFO [com.webserver.core.ClientHandler] - 资源已找到!
2020-08-10 22:06:39,180 INFO [com.webserver.core.ClientHandler] - 响应客户端完毕!
2020-08-10 22:06:39,193 INFO [com.webserver.core.ClientHandler] - 资源已找到!
2020-08-10 22:06:39,197 INFO [com.webserver.core.ClientHandler] - 响应客户端完毕!
2020-08-10 22:06:39,200 INFO [com.webserver.core.ClientHandler] - 资源已找到!
2020-08-10 22:06:39,203 INFO [com.webserver.core.ClientHandler] - 资源已找到!
2020-08-10 22:06:39,203 INFO [com.webserver.core.ClientHandler] - 响应客户端完毕!
2020-08-10 22:06:39,205 INFO [com.webserver.core.ClientHandler] - 资源已找到!
2020-08-10 22:06:39,206 INFO [com.webserver.core.ClientHandler] - 响应客户端完毕!
2020-08-10 22:06:39,207 INFO [com.webserver.core.ClientHandler] - 资源已找到!
2020-08-10 22:06:39,207 INFO [com.webserver.core.ClientHandler] - 响应客户端完毕!
2020-08-10 22:06:39,208 INFO [com.webserver.core.ClientHandler] - 响应客户端完毕!
2020-08-10 22:06:39,224 INFO [com.webserver.core.ClientHandler] - 资源已找到!
2020-08-10 22:06:39,225 INFO [com.webserver.core.ClientHandler] - 响应客户端完毕!
2020-08-10 22:06:39,236 INFO [com.webserver.core.ClientHandler] - 资源已找到!
2020-08-10 22:06:39,236 INFO [com.webserver.core.ClientHandler] - 资源已找到!
2020-08-10 22:06:39,237 INFO [com.webserver.core.ClientHandler] - 响应客户端完毕!
2020-08-10 22:06:39,237 INFO [com.webserver.core.ClientHandler] - 响应客户端完毕!
2020-08-10 22:06:39,249 INFO [com.webserver.core.ClientHandler] - 资源已找到!
2020-08-10 22:06:39,252 INFO [com.webserver.core.ClientHandler] - 响应客户端完毕!
2020-08-10 22:06:39,253 INFO [com.webserver.core.ClientHandler] - 资源已找到!
2020-08-10 22:06:39,254 INFO [com.webserver.core.ClientHandler] - 资源已找到!
2020-08-10 22:06:39,254 INFO [com.webserver.core.ClientHandler] - 响应客户端完毕!
2020-08-10 22:06:39,255 INFO [com.webserver.core.ClientHandler] - 响应客户端完毕!
2020-08-10 22:06:39,295 INFO [com.webserver.core.ClientHandler] - 资源已找到!
2020-08-10 22:06:39,296 INFO [com.webserver.core.ClientHandler] - 响应客户端完毕!
2020-08-10 22:06:39,300 INFO [com.webserver.core.ClientHandler] - 资源已找到!
2020-08-10 22:06:39,301 INFO [com.webserver.core.ClientHandler] - 资源已找到!
2020-08-10 22:06:39,301 INFO [com.webserver.core.ClientHandler] - 响应客户端完毕!
2020-08-10 22:06:39,302 INFO [com.webserver.core.ClientHandler] - 响应客户端完毕!
2020-08-10 22:06:39,307 INFO [com.webserver.core.ClientHandler] - 资源已找到!
2020-08-10 22:06:39,308 INFO [com.webserver.core.ClientHandler] - 资源已找到!
2020-08-10 22:06:39,309 INFO [com.webserver.core.ClientHandler] - 响应客户端完毕!
2020-08-10 22:06:39,310 INFO [com.webserver.core.ClientHandler] - 资源已找到!
2020-08-10 22:06:39,309 INFO [com.webserver.core.ClientHandler] - 响应客户端完毕!
2020-08-10 22:06:39,312 INFO [com.webserver.core.ClientHandler] - 响应客户端完毕!
2020-08-10 22:06:39,330 INFO [com.webserver.core.ClientHandler] - 资源已找到!
2020-08-10 22:06:39,331 INFO [com.webserver.core.ClientHandler] - 响应客户端完毕!
2020-08-10 22:06:39,331 INFO [com.webserver.core.ClientHandler] - 资源已找到!
2020-08-10 22:06:39,331 INFO [com.webserver.core.ClientHandler] - 资源已找到!
2020-08-10 22:06:39,332 INFO [com.webserver.core.ClientHandler] - 响应客户端完毕!
2020-08-10 22:06:39,332 INFO [com.webserver.core.ClientHandler] - 响应客户端完毕!
2020-08-10 22:06:39,354 INFO [com.webserver.core.ClientHandler] - 资源已找到!
2020-08-10 22:06:39,355 INFO [com.webserver.core.ClientHandler] - 响应客户端完毕!
2020-08-10 22:06:39,358 INFO [com.webserver.core.ClientHandler] - 资源已找到!
2020-08-10 22:06:39,360 INFO [com.webserver.core.ClientHandler] - 响应客户端完毕!
2020-08-10 22:06:39,372 INFO [com.webserver.core.ClientHandler] - 资源已找到!
2020-08-10 22:06:39,376 INFO [com.webserver.core.ClientHandler] - 响应客户端完毕!
2020-08-10 22:06:39,479 INFO [com.webserver.core.ClientHandler] - 资源已找到!
2020-08-10 22:06:39,480 INFO [com.webserver.core.ClientHandler] - 资源不存在!
2020-08-10 22:06:39,481 INFO [com.webserver.core.ClientHandler] - 响应客户端完毕!
2020-08-10 22:06:39,481 INFO [com.webserver.core.ClientHandler] - 响应客户端完毕!
2020-08-10 22:06:39,568 INFO [com.webserver.core.ClientHandler] - 资源不存在!
2020-08-10 22:06:39,583 INFO [com.webserver.core.ClientHandler] - 响应客户端完毕!
2020-08-10 22:06:39,615 INFO [com.webserver.core.ClientHandler] - 资源不存在!
2020-08-10 22:06:39,616 INFO [com.webserver.core.ClientHandler] - 响应客户端完毕!
2020-08-10 22:10:51,324 INFO [com.webserver.core.ClientHandler] - 资源已找到!
2020-08-10 22:10:51,327 INFO [com.webserver.core.ClientHandler] - 响应客户端完毕!
2020-08-10 22:10:51,365 INFO [com.webserver.core.ClientHandler] - 资源已找到!
2020-08-10 22:10:51,370 INFO [com.webserver.core.ClientHandler] - 响应客户端完毕!
2020-08-10 22:10:51,373 INFO [com.webserver.core.ClientHandler] - 资源已找到!
2020-08-10 22:10:51,373 INFO [com.webserver.core.ClientHandler] - 资源已找到!
2020-08-10 22:10:51,375 INFO [com.webserver.core.ClientHandler] - 响应客户端完毕!
2020-08-10 22:10:51,437 INFO [com.webserver.core.ClientHandler] - 响应客户端完毕!
2020-08-10 22:10:51,547 INFO [com.webserver.core.ClientHandler] - 资源不存在!
2020-08-10 22:10:51,549 INFO [com.webserver.core.ClientHandler] - 响应客户端完毕!
2020-08-10 22:10:51,601 INFO [com.webserver.core.ClientHandler] - 资源不存在!
2020-08-10 22:10:51,603 INFO [com.webserver.core.ClientHandler] - 响应客户端完毕!
2020-08-10 22:10:51,702 INFO [com.webserver.core.ClientHandler] - 资源不存在!
2020-08-10 22:10:51,703 INFO [com.webserver.core.ClientHandler] - 响应客户端完毕!
2020-08-10 22:10:51,734 INFO [com.webserver.core.ClientHandler] - 资源不存在!
2020-08-10 22:10:51,735 INFO [com.webserver.core.ClientHandler] - 响应客户端完毕!
2020-08-10 22:10:53,682 INFO [com.webserver.core.ClientHandler] - 资源已找到!
2020-08-10 22:10:53,683 INFO [com.webserver.core.ClientHandler] - 响应客户端完毕!
2020-08-10 22:11:05,434 ERROR [com.webserver.core.ClientHandler] - 空请求...
2020-08-10 22:11:05,444 INFO [com.webserver.servlet.RegServlet] - 开始处理注册...
2020-08-10 22:11:05,447 INFO [com.webserver.servlet.RegServlet] - 处理注册完毕!
2020-08-10 22:11:05,449 INFO [com.webserver.core.ClientHandler] - 响应客户端完毕!
2020-08-10 22:11:07,595 INFO [com.webserver.core.ClientHandler] - 资源已找到!
2020-08-10 22:11:07,595 INFO [com.webserver.core.ClientHandler] - 响应客户端完毕!
2020-08-10 22:11:07,628 INFO [com.webserver.core.ClientHandler] - 资源已找到!
2020-08-10 22:11:07,630 INFO [com.webserver.core.ClientHandler] - 响应客户端完毕!
2020-08-10 22:11:07,633 INFO [com.webserver.core.ClientHandler] - 资源已找到!
2020-08-10 22:11:07,645 INFO [com.webserver.core.ClientHandler] - 资源已找到!
2020-08-10 22:11:07,647 INFO [com.webserver.core.ClientHandler] - 响应客户端完毕!
2020-08-10 22:11:07,673 INFO [com.webserver.core.ClientHandler] - 资源不存在!
2020-08-10 22:11:07,676 INFO [com.webserver.core.ClientHandler] - 响应客户端完毕!
2020-08-10 22:11:07,693 INFO [com.webserver.core.ClientHandler] - 资源不存在!
2020-08-10 22:11:07,694 INFO [com.webserver.core.ClientHandler] - 响应客户端完毕!
2020-08-10 22:11:07,696 INFO [com.webserver.core.ClientHandler] - 响应客户端完毕!
2020-08-10 22:11:07,709 INFO [com.webserver.core.ClientHandler] - 资源不存在!
2020-08-10 22:11:07,711 INFO [com.webserver.core.ClientHandler] - 响应客户端完毕!
2020-08-10 22:11:09,572 INFO [com.webserver.servlet.UserListServlet] - 开始加载用户列表...
2020-08-10 22:11:10,142 INFO [com.webserver.servlet.UserListServlet] - 加载用户列表完毕!
2020-08-10 22:11:10,143 INFO [com.webserver.core.ClientHandler] - 响应客户端完毕!
2020-08-10 22:11:12,680 INFO [com.webserver.core.ClientHandler] - 资源已找到!
2020-08-10 22:11:12,682 INFO [com.webserver.core.ClientHandler] - 响应客户端完毕!
2020-08-10 22:11:18,444 INFO [com.webserver.servlet.RegServlet] - 开始处理注册...
2020-08-10 22:11:18,504 INFO [com.webserver.core.ClientHandler] - 响应客户端完毕!
2020-08-10 22:11:19,463 INFO [com.webserver.core.ClientHandler] - 资源已找到!
2020-08-10 22:11:19,464 INFO [com.webserver.core.ClientHandler] - 响应客户端完毕!
2020-08-10 22:11:23,772 INFO [com.webserver.servlet.RegServlet] - 开始处理注册...
2020-08-10 22:11:23,772 INFO [com.webserver.core.ClientHandler] - 响应客户端完毕!
2020-08-10 22:11:24,755 INFO [com.webserver.core.ClientHandler] - 资源已找到!
2020-08-10 22:11:24,756 INFO [com.webserver.core.ClientHandler] - 响应客户端完毕!
2020-08-10 22:11:29,377 INFO [com.webserver.core.ClientHandler] - 资源已找到!
2020-08-10 22:11:29,378 INFO [com.webserver.core.ClientHandler] - 响应客户端完毕!
2020-08-10 22:11:32,783 INFO [com.webserver.servlet.LoginServlet] - 开始处理登录...
2020-08-10 22:11:32,785 INFO [com.webserver.core.ClientHandler] - 响应客户端完毕!
2020-08-10 22:11:32,809 INFO [com.webserver.core.ClientHandler] - 资源已找到!
2020-08-10 22:11:32,812 INFO [com.webserver.core.ClientHandler] - 响应客户端完毕!
2020-08-10 22:11:32,821 INFO [com.webserver.core.ClientHandler] - 资源已找到!
2020-08-10 22:11:32,823 INFO [com.webserver.core.ClientHandler] - 响应客户端完毕!
2020-08-10 22:11:32,829 INFO [com.webserver.core.ClientHandler] - 资源已找到!
2020-08-10 22:11:32,829 INFO [com.webserver.core.ClientHandler] - 资源已找到!
2020-08-10 22:11:32,832 INFO [com.webserver.core.ClientHandler] - 响应客户端完毕!
2020-08-10 22:11:32,830 INFO [com.webserver.core.ClientHandler] - 资源已找到!
2020-08-10 22:11:32,830 INFO [com.webserver.core.ClientHandler] - 资源已找到!
2020-08-10 22:11:32,833 INFO [com.webserver.core.ClientHandler] - 响应客户端完毕!
2020-08-10 22:11:32,835 INFO [com.webserver.core.ClientHandler] - 响应客户端完毕!
2020-08-10 22:11:32,836 INFO [com.webserver.core.ClientHandler] - 响应客户端完毕!
2020-08-10 22:11:32,844 INFO [com.webserver.core.ClientHandler] - 资源已找到!
2020-08-10 22:11:32,845 INFO [com.webserver.core.ClientHandler] - 响应客户端完毕!
2020-08-10 22:11:32,856 INFO [com.webserver.core.ClientHandler] - 资源已找到!
2020-08-10 22:11:32,857 INFO [com.webserver.core.ClientHandler] - 响应客户端完毕!
2020-08-10 22:11:32,880 INFO [com.webserver.core.ClientHandler] - 资源已找到!
2020-08-10 22:11:32,882 INFO [com.webserver.core.ClientHandler] - 资源已找到!
2020-08-10 22:11:32,884 INFO [com.webserver.core.ClientHandler] - 响应客户端完毕!
2020-08-10 22:11:32,886 INFO [com.webserver.core.ClientHandler] - 响应客户端完毕!
2020-08-10 22:11:32,887 INFO [com.webserver.core.ClientHandler] - 资源已找到!
2020-08-10 22:11:32,890 INFO [com.webserver.core.ClientHandler] - 资源已找到!
2020-08-10 22:11:32,891 INFO [com.webserver.core.ClientHandler] - 响应客户端完毕!
2020-08-10 22:11:32,893 INFO [com.webserver.core.ClientHandler] - 响应客户端完毕!
2020-08-10 22:11:32,893 INFO [com.webserver.core.ClientHandler] - 资源已找到!
2020-08-10 22:11:32,894 INFO [com.webserver.core.ClientHandler] - 响应客户端完毕!
2020-08-10 22:11:32,896 INFO [com.webserver.core.ClientHandler] - 资源已找到!
2020-08-10 22:11:32,896 INFO [com.webserver.core.ClientHandler] - 响应客户端完毕!
2020-08-10 22:11:32,917 INFO [com.webserver.core.ClientHandler] - 资源已找到!
2020-08-10 22:11:32,920 INFO [com.webserver.core.ClientHandler] - 响应客户端完毕!
2020-08-10 22:11:32,922 INFO [com.webserver.core.ClientHandler] - 资源已找到!
2020-08-10 22:11:32,923 INFO [com.webserver.core.ClientHandler] - 响应客户端完毕!
2020-08-10 22:11:32,929 INFO [com.webserver.core.ClientHandler] - 资源已找到!
2020-08-10 22:11:32,929 INFO [com.webserver.core.ClientHandler] - 资源已找到!
2020-08-10 22:11:32,930 INFO [com.webserver.core.ClientHandler] - 响应客户端完毕!
2020-08-10 22:11:32,930 INFO [com.webserver.core.ClientHandler] - 响应客户端完毕!
2020-08-10 22:11:32,935 INFO [com.webserver.core.ClientHandler] - 资源已找到!
2020-08-10 22:11:32,935 INFO [com.webserver.core.ClientHandler] - 资源已找到!
2020-08-10 22:11:32,935 INFO [com.webserver.core.ClientHandler] - 响应客户端完毕!
2020-08-10 22:11:32,936 INFO [com.webserver.core.ClientHandler] - 响应客户端完毕!
2020-08-10 22:11:32,947 INFO [com.webserver.core.ClientHandler] - 资源已找到!
2020-08-10 22:11:32,948 INFO [com.webserver.core.ClientHandler] - 响应客户端完毕!
2020-08-10 22:11:32,950 INFO [com.webserver.core.ClientHandler] - 资源已找到!
2020-08-10 22:11:32,952 INFO [com.webserver.core.ClientHandler] - 响应客户端完毕!
2020-08-10 22:11:32,953 INFO [com.webserver.core.ClientHandler] - 资源已找到!
2020-08-10 22:11:32,953 INFO [com.webserver.core.ClientHandler] - 资源已找到!
2020-08-10 22:11:32,954 INFO [com.webserver.core.ClientHandler] - 响应客户端完毕!
2020-08-10 22:11:32,955 INFO [com.webserver.core.ClientHandler] - 响应客户端完毕!
2020-08-10 22:11:33,086 INFO [com.webserver.core.ClientHandler] - 资源不存在!
2020-08-10 22:11:33,086 INFO [com.webserver.core.ClientHandler] - 响应客户端完毕!
2020-08-10 22:11:33,087 INFO [com.webserver.core.ClientHandler] - 资源已找到!
2020-08-10 22:11:33,090 INFO [com.webserver.core.ClientHandler] - 响应客户端完毕!
2020-08-10 22:11:33,201 INFO [com.webserver.core.ClientHandler] - 资源不存在!
2020-08-10 22:11:33,203 INFO [com.webserver.core.ClientHandler] - 响应客户端完毕!
2020-08-10 22:11:33,205 INFO [com.webserver.core.ClientHandler] - 资源不存在!
2020-08-10 22:11:33,205 INFO [com.webserver.core.ClientHandler] - 响应客户端完毕!
2020-08-10 22:12:27,472 INFO [com.webserver.core.ClientHandler] - 资源已找到!
2020-08-10 22:12:27,476 INFO [com.webserver.core.ClientHandler] - 响应客户端完毕!
2020-08-10 22:12:27,561 INFO [com.webserver.core.ClientHandler] - 资源已找到!
2020-08-10 22:12:27,562 INFO [com.webserver.core.ClientHandler] - 响应客户端完毕!
2020-08-10 22:12:27,605 INFO [com.webserver.core.ClientHandler] - 资源已找到!
2020-08-10 22:12:27,624 INFO [com.webserver.core.ClientHandler] - 响应客户端完毕!
2020-08-10 22:12:27,660 INFO [com.webserver.core.ClientHandler] - 资源已找到!
2020-08-10 22:12:27,770 INFO [com.webserver.core.ClientHandler] - 响应客户端完毕!
2020-08-10 22:12:27,864 INFO [com.webserver.core.ClientHandler] - 资源不存在!
2020-08-10 22:12:27,873 INFO [com.webserver.core.ClientHandler] - 响应客户端完毕!
2020-08-10 22:12:28,031 INFO [com.webserver.core.ClientHandler] - 资源不存在!
2020-08-10 22:12:28,035 INFO [com.webserver.core.ClientHandler] - 响应客户端完毕!
2020-08-10 22:12:28,071 INFO [com.webserver.core.ClientHandler] - 资源不存在!
2020-08-10 22:12:28,072 INFO [com.webserver.core.ClientHandler] - 响应客户端完毕!
2020-08-10 22:12:28,379 INFO [com.webserver.core.ClientHandler] - 资源不存在!
2020-08-10 22:12:28,381 INFO [com.webserver.core.ClientHandler] - 响应客户端完毕!
2020-08-10 22:12:29,453 INFO [com.webserver.core.ClientHandler] - 资源已找到!
2020-08-10 22:12:29,453 INFO [com.webserver.core.ClientHandler] - 响应客户端完毕!
2020-08-10 22:12:38,705 INFO [com.webserver.servlet.LoginServlet] - 开始处理登录...
2020-08-10 22:12:38,710 INFO [com.webserver.core.ClientHandler] - 响应客户端完毕!
2020-08-10 22:12:38,742 INFO [com.webserver.core.ClientHandler] - 资源已找到!
2020-08-10 22:12:38,746 INFO [com.webserver.core.ClientHandler] - 响应客户端完毕!
2020-08-10 22:12:38,774 INFO [com.webserver.core.ClientHandler] - 资源已找到!
2020-08-10 22:12:38,775 INFO [com.webserver.core.ClientHandler] - 响应客户端完毕!
2020-08-10 22:12:38,776 INFO [com.webserver.core.ClientHandler] - 资源已找到!
2020-08-10 22:12:38,780 INFO [com.webserver.core.ClientHandler] - 响应客户端完毕!
2020-08-10 22:12:38,795 INFO [com.webserver.core.ClientHandler] - 资源已找到!
2020-08-10 22:12:38,795 INFO [com.webserver.core.ClientHandler] - 资源已找到!
2020-08-10 22:12:38,796 INFO [com.webserver.core.ClientHandler] - 响应客户端完毕!
2020-08-10 22:12:38,796 INFO [com.webserver.core.ClientHandler] - 响应客户端完毕!
2020-08-10 22:12:38,799 INFO [com.webserver.core.ClientHandler] - 资源已找到!
2020-08-10 22:12:38,800 INFO [com.webserver.core.ClientHandler] - 响应客户端完毕!
2020-08-10 22:12:38,814 INFO [com.webserver.core.ClientHandler] - 资源已找到!
2020-08-10 22:12:38,821 INFO [com.webserver.core.ClientHandler] - 响应客户端完毕!
2020-08-10 22:12:38,823 INFO [com.webserver.core.ClientHandler] - 资源已找到!
2020-08-10 22:12:38,824 INFO [com.webserver.core.ClientHandler] - 资源已找到!
2020-08-10 22:12:38,824 INFO [com.webserver.core.ClientHandler] - 响应客户端完毕!
2020-08-10 22:12:38,824 INFO [com.webserver.core.ClientHandler] - 响应客户端完毕!
2020-08-10 22:12:38,832 INFO [com.webserver.core.ClientHandler] - 资源已找到!
2020-08-10 22:12:38,833 INFO [com.webserver.core.ClientHandler] - 响应客户端完毕!
2020-08-10 22:12:38,834 INFO [com.webserver.core.ClientHandler] - 资源已找到!
2020-08-10 22:12:38,836 INFO [com.webserver.core.ClientHandler] - 资源已找到!
2020-08-10 22:12:38,836 INFO [com.webserver.core.ClientHandler] - 响应客户端完毕!
2020-08-10 22:12:38,836 INFO [com.webserver.core.ClientHandler] - 响应客户端完毕!
2020-08-10 22:12:38,841 INFO [com.webserver.core.ClientHandler] - 资源已找到!
2020-08-10 22:12:38,843 INFO [com.webserver.core.ClientHandler] - 响应客户端完毕!
2020-08-10 22:12:38,891 INFO [com.webserver.core.ClientHandler] - 资源已找到!
2020-08-10 22:12:38,892 INFO [com.webserver.core.ClientHandler] - 响应客户端完毕!
2020-08-10 22:12:38,910 INFO [com.webserver.core.ClientHandler] - 资源已找到!
2020-08-10 22:12:38,911 INFO [com.webserver.core.ClientHandler] - 响应客户端完毕!
2020-08-10 22:12:38,947 INFO [com.webserver.core.ClientHandler] - 资源已找到!
2020-08-10 22:12:38,958 INFO [com.webserver.core.ClientHandler] - 响应客户端完毕!
2020-08-10 22:12:38,960 INFO [com.webserver.core.ClientHandler] - 资源已找到!
2020-08-10 22:12:38,961 INFO [com.webserver.core.ClientHandler] - 响应客户端完毕!
2020-08-10 22:12:38,965 INFO [com.webserver.core.ClientHandler] - 资源已找到!
2020-08-10 22:12:38,966 INFO [com.webserver.core.ClientHandler] - 响应客户端完毕!
2020-08-10 22:12:38,975 INFO [com.webserver.core.ClientHandler] - 资源已找到!
2020-08-10 22:12:38,977 INFO [com.webserver.core.ClientHandler] - 响应客户端完毕!
2020-08-10 22:12:39,042 INFO [com.webserver.core.ClientHandler] - 资源已找到!
2020-08-10 22:12:39,043 INFO [com.webserver.core.ClientHandler] - 响应客户端完毕!
2020-08-10 22:12:39,046 INFO [com.webserver.core.ClientHandler] - 资源已找到!
2020-08-10 22:12:39,048 INFO [com.webserver.core.ClientHandler] - 响应客户端完毕!
2020-08-10 22:12:39,052 INFO [com.webserver.core.ClientHandler] - 资源已找到!
2020-08-10 22:12:39,053 INFO [com.webserver.core.ClientHandler] - 响应客户端完毕!
2020-08-10 22:12:39,056 INFO [com.webserver.core.ClientHandler] - 资源已找到!
2020-08-10 22:12:39,057 INFO [com.webserver.core.ClientHandler] - 响应客户端完毕!
2020-08-10 22:12:39,070 INFO [com.webserver.core.ClientHandler] - 资源已找到!
2020-08-10 22:12:39,073 INFO [com.webserver.core.ClientHandler] - 响应客户端完毕!
2020-08-10 22:12:39,261 INFO [com.webserver.core.ClientHandler] - 资源已找到!
2020-08-10 22:12:39,283 INFO [com.webserver.core.ClientHandler] - 响应客户端完毕!
2020-08-10 22:12:39,294 INFO [com.webserver.core.ClientHandler] - 资源不存在!
2020-08-10 22:12:39,295 INFO [com.webserver.core.ClientHandler] - 响应客户端完毕!
2020-08-10 22:12:39,325 INFO [com.webserver.core.ClientHandler] - 资源已找到!
2020-08-10 22:12:39,329 INFO [com.webserver.core.ClientHandler] - 响应客户端完毕!
2020-08-10 22:12:39,477 INFO [com.webserver.core.ClientHandler] - 资源不存在!
2020-08-10 22:12:39,477 INFO [com.webserver.core.ClientHandler] - 响应客户端完毕!
2020-08-10 22:12:39,521 INFO [com.webserver.core.ClientHandler] - 资源不存在!
2020-08-10 22:12:39,528 INFO [com.webserver.core.ClientHandler] - 响应客户端完毕!
